<?xml version="1.0" encoding="UTF-8"?>
<testsuite name="com.shop.Shop.ShopApplicationTests" tests="12" skipped="0" failures="0" errors="0" timestamp="2022-03-11T15:23:45" hostname="DESKTOP-G4LP6HK" time="1.917">
  <properties/>
  <testcase name="addOrUpdateProductValues()" classname="com.shop.Shop.ShopApplicationTests" time="1.344"/>
  <testcase name="getCustomer()" classname="com.shop.Shop.ShopApplicationTests" time="0.045"/>
  <testcase name="allCustomers()" classname="com.shop.Shop.ShopApplicationTests" time="0.25"/>
  <testcase name="deleteCustomer()" classname="com.shop.Shop.ShopApplicationTests" time="0.019"/>
  <testcase name="addOrUpdateCustomerValues()" classname="com.shop.Shop.ShopApplicationTests" time="0.038"/>
  <testcase name="allProducts()" classname="com.shop.Shop.ShopApplicationTests" time="0.029"/>
  <testcase name="getProductsValues()" classname="com.shop.Shop.ShopApplicationTests" time="0.018"/>
  <testcase name="deleteProduct()" classname="com.shop.Shop.ShopApplicationTests" time="0.045"/>
  <testcase name="addOrUpdateCustomer()" classname="com.shop.Shop.ShopApplicationTests" time="0.018"/>
  <testcase name="getProduct()" classname="com.shop.Shop.ShopApplicationTests" time="0.028"/>
  <testcase name="addOrUpdateProduct()" classname="com.shop.Shop.ShopApplicationTests" time="0.043"/>
  <testcase name="getCustomerValues()" classname="com.shop.Shop.ShopApplicationTests" time="0.026"/>
  <system-out><![CDATA[15:23:32.015 [Test worker] DEBUG org.springframework.test.context.BootstrapUtils - Instantiating CacheAwareContextLoaderDelegate from class [org.springframework.test.context.cache.DefaultCacheAwareContextLoaderDelegate]
15:23:32.031 [Test worker] DEBUG org.springframework.test.context.BootstrapUtils - Instantiating BootstrapContext using constructor [public org.springframework.test.context.support.DefaultBootstrapContext(java.lang.Class,org.springframework.test.context.CacheAwareContextLoaderDelegate)]
15:23:32.077 [Test worker] DEBUG org.springframework.test.context.BootstrapUtils - Instantiating TestContextBootstrapper for test class [com.shop.Shop.ShopApplicationTests] from class [org.springframework.boot.test.context.SpringBootTestContextBootstrapper]
15:23:32.109 [Test worker] DEBUG org.springframework.test.context.support.AbstractContextLoader - Did not detect default resource location for test class [com.shop.Shop.ShopApplicationTests]: class path resource [com/shop/Shop/ShopApplicationTests-context.xml] does not exist
15:23:32.109 [Test worker] DEBUG org.springframework.test.context.support.AbstractContextLoader - Did not detect default resource location for test class [com.shop.Shop.ShopApplicationTests]: class path resource [com/shop/Shop/ShopApplicationTestsContext.groovy] does not exist
15:23:32.109 [Test worker] INFO org.springframework.test.context.support.AbstractContextLoader - Could not detect default resource locations for test class [com.shop.Shop.ShopApplicationTests]: no resource found for suffixes {-context.xml, Context.groovy}.
15:23:32.109 [Test worker] INFO org.springframework.test.context.support.AnnotationConfigContextLoaderUtils - Could not detect default configuration classes for test class [com.shop.Shop.ShopApplicationTests]: ShopApplicationTests does not declare any static, non-private, non-final, nested classes annotated with @Configuration.
15:23:32.202 [Test worker] DEBUG org.springframework.test.context.support.ActiveProfilesUtils - Could not find an 'annotation declaring class' for annotation type [org.springframework.test.context.ActiveProfiles] and class [com.shop.Shop.ShopApplicationTests]
15:23:32.296 [Test worker] DEBUG org.springframework.context.annotation.ClassPathScanningCandidateComponentProvider - Identified candidate component class: file [C:\Users\denis\Documents\Shop\build\classes\java\main\com\shop\Shop\ShopApplication.class]
15:23:32.312 [Test worker] INFO org.springframework.boot.test.context.SpringBootTestContextBootstrapper - Found @SpringBootConfiguration com.shop.Shop.ShopApplication for test class com.shop.Shop.ShopApplicationTests
15:23:32.469 [Test worker] DEBUG org.springframework.boot.test.context.SpringBootTestContextBootstrapper - @TestExecutionListeners is not present for class [com.shop.Shop.ShopApplicationTests]: using defaults.
15:23:32.469 [Test worker] INFO org.springframework.boot.test.context.SpringBootTestContextBootstrapper - Loaded default TestExecutionListener class names from location [META-INF/spring.factories]: [org.springframework.security.test.context.support.WithSecurityContextTestExecutionListener, org.springframework.security.test.context.support.ReactorContextTestExecutionListener, org.springframework.boot.test.autoconfigure.restdocs.RestDocsTestExecutionListener, org.springframework.boot.test.autoconfigure.web.client.MockRestServiceServerResetTestExecutionListener, org.springframework.boot.test.autoconfigure.web.servlet.MockMvcPrintOnlyOnFailureTestExecutionListener, org.springframework.boot.test.autoconfigure.web.servlet.WebDriverTestExecutionListener, org.springframework.boot.test.autoconfigure.webservices.client.MockWebServiceServerTestExecutionListener, org.springframework.boot.test.mock.mockito.MockitoTestExecutionListener, org.springframework.boot.test.mock.mockito.ResetMocksTestExecutionListener, org.springframework.test.context.web.ServletTestExecutionListener, org.springframework.test.context.support.DirtiesContextBeforeModesTestExecutionListener, org.springframework.test.context.event.ApplicationEventsTestExecutionListener, org.springframework.test.context.support.DependencyInjectionTestExecutionListener, org.springframework.test.context.support.DirtiesContextTestExecutionListener, org.springframework.test.context.transaction.TransactionalTestExecutionListener, org.springframework.test.context.jdbc.SqlScriptsTestExecutionListener, org.springframework.test.context.event.EventPublishingTestExecutionListener]
15:23:32.500 [Test worker] INFO org.springframework.boot.test.context.SpringBootTestContextBootstrapper - Using TestExecutionListeners: [org.springframework.test.context.web.ServletTestExecutionListener@324a0017, org.springframework.test.context.support.DirtiesContextBeforeModesTestExecutionListener@6187d1f5, org.springframework.test.context.event.ApplicationEventsTestExecutionListener@2445445a, org.springframework.boot.test.mock.mockito.MockitoTestExecutionListener@7502291e, org.springframework.boot.test.autoconfigure.SpringBootDependencyInjectionTestExecutionListener@17aad511, org.springframework.test.context.support.DirtiesContextTestExecutionListener@487db668, org.springframework.test.context.transaction.TransactionalTestExecutionListener@46944ca9, org.springframework.test.context.jdbc.SqlScriptsTestExecutionListener@22bac7bc, org.springframework.security.test.context.support.WithSecurityContextTestExecutionListener@63798ca7, org.springframework.test.context.event.EventPublishingTestExecutionListener@4612b856, org.springframework.security.test.context.support.ReactorContextTestExecutionListener@22875539, org.springframework.boot.test.autoconfigure.restdocs.RestDocsTestExecutionListener@5674e1f2, org.springframework.boot.test.autoconfigure.web.client.MockRestServiceServerResetTestExecutionListener@79c7532f, org.springframework.boot.test.autoconfigure.web.servlet.MockMvcPrintOnlyOnFailureTestExecutionListener@2a448449, org.springframework.boot.test.autoconfigure.web.servlet.WebDriverTestExecutionListener@32f232a5, org.springframework.boot.test.autoconfigure.webservices.client.MockWebServiceServerTestExecutionListener@43f82e78, org.springframework.boot.test.mock.mockito.ResetMocksTestExecutionListener@e54303]
15:23:32.516 [Test worker] DEBUG org.springframework.test.context.support.AbstractDirtiesContextTestExecutionListener - Before test class: context [DefaultTestContext@2a898881 testClass = ShopApplicationTests, testInstance = [null], testMethod = [null], testException = [null], mergedContextConfiguration = [WebMergedContextConfiguration@16c63f5 testClass = ShopApplicationTests, locations = '{}', classes = '{class com.shop.Shop.ShopApplication}', contextInitializerClasses = '[]', activeProfiles = '{}', propertySourceLocations = '{}', propertySourceProperties = '{org.springframework.boot.test.context.SpringBootTestContextBootstrapper=true}', contextCustomizers = set[org.springframework.boot.test.autoconfigure.actuate.metrics.MetricsExportContextCustomizerFactory$DisableMetricExportContextCustomizer@50378a4, org.springframework.boot.test.autoconfigure.properties.PropertyMappingContextCustomizer@4b3fa0b3, org.springframework.boot.test.autoconfigure.web.servlet.WebDriverContextCustomizerFactory$Customizer@58e1d9d, [ImportsContextCustomizer@35229f85 key = [org.springframework.boot.test.autoconfigure.web.servlet.MockMvcAutoConfiguration, org.springframework.boot.test.autoconfigure.web.servlet.MockMvcWebClientAutoConfiguration, org.springframework.boot.test.autoconfigure.web.servlet.MockMvcWebDriverAutoConfiguration, org.springframework.boot.autoconfigure.security.oauth2.client.servlet.OAuth2ClientAutoConfiguration, org.springframework.boot.autoconfigure.security.oauth2.resource.servlet.OAuth2ResourceServerAutoConfiguration, org.springframework.boot.autoconfigure.security.servlet.SecurityAutoConfiguration, org.springframework.boot.autoconfigure.security.servlet.SecurityFilterAutoConfiguration, org.springframework.boot.autoconfigure.security.servlet.UserDetailsServiceAutoConfiguration, org.springframework.boot.test.autoconfigure.web.servlet.MockMvcSecurityConfiguration, org.springframework.boot.test.autoconfigure.web.reactive.WebTestClientAutoConfiguration]], org.springframework.boot.test.context.filter.ExcludeFilterContextCustomizer@5d908d47, org.springframework.boot.test.json.DuplicateJsonObjectContextCustomizerFactory$DuplicateJsonObjectContextCustomizer@1c9b0314, org.springframework.boot.test.mock.mockito.MockitoContextCustomizer@0, org.springframework.boot.test.web.client.TestRestTemplateContextCustomizer@4470fbd6, org.springframework.boot.test.context.SpringBootTestArgs@1, org.springframework.boot.test.context.SpringBootTestWebEnvironment@41e36e46], resourceBasePath = 'src/main/webapp', contextLoader = 'org.springframework.boot.test.context.SpringBootContextLoader', parent = [null]], attributes = map['org.springframework.test.context.web.ServletTestExecutionListener.activateListener' -> true]], class annotated with @DirtiesContext [false] with mode [null].

  .   ____          _            __ _ _
 /\\ / ___'_ __ _ _(_)_ __  __ _ \ \ \ \
( ( )\___ | '_ | '_| | '_ \/ _` | \ \ \ \
 \\/  ___)| |_)| | | | | || (_| |  ) ) ) )
  '  |____| .__|_| |_|_| |_\__, | / / / /
 =========|_|==============|___/=/_/_/_/
 :: Spring Boot ::                (v2.6.3)

2022-03-11 15:23:33.593  INFO 14956 --- [    Test worker] com.shop.Shop.ShopApplicationTests       : Starting ShopApplicationTests using Java 1.8.0_322 on DESKTOP-G4LP6HK with PID 14956 (started by denis in C:\Users\denis\Documents\Shop)
2022-03-11 15:23:33.593  INFO 14956 --- [    Test worker] com.shop.Shop.ShopApplicationTests       : The following profiles are active: native
2022-03-11 15:23:36.012  INFO 14956 --- [    Test worker] .s.d.r.c.RepositoryConfigurationDelegate : Bootstrapping Spring Data JPA repositories in DEFAULT mode.
2022-03-11 15:23:36.121  INFO 14956 --- [    Test worker] .s.d.r.c.RepositoryConfigurationDelegate : Finished Spring Data repository scanning in 87 ms. Found 2 JPA repository interfaces.
2022-03-11 15:23:36.902  INFO 14956 --- [    Test worker] o.s.cloud.context.scope.GenericScope     : BeanFactory id=1626cc23-e49d-3cc5-8321-760c9122fd54
2022-03-11 15:23:37.779  INFO 14956 --- [    Test worker] com.zaxxer.hikari.HikariDataSource       : HikariPool-1 - Starting...
2022-03-11 15:23:38.064  INFO 14956 --- [    Test worker] com.zaxxer.hikari.HikariDataSource       : HikariPool-1 - Start completed.
2022-03-11 15:23:38.199  INFO 14956 --- [    Test worker] o.hibernate.jpa.internal.util.LogHelper  : HHH000204: Processing PersistenceUnitInfo [name: default]
2022-03-11 15:23:38.402  INFO 14956 --- [    Test worker] org.hibernate.Version                    : HHH000412: Hibernate ORM core version 5.6.4.Final
2022-03-11 15:23:38.803  INFO 14956 --- [    Test worker] o.hibernate.annotations.common.Version   : HCANN000001: Hibernate Commons Annotations {5.1.2.Final}
2022-03-11 15:23:39.072  INFO 14956 --- [    Test worker] org.hibernate.dialect.Dialect            : HHH000400: Using dialect: org.hibernate.dialect.MySQL57Dialect
2022-03-11 15:23:39.993  INFO 14956 --- [    Test worker] o.h.e.t.j.p.i.JtaPlatformInitiator       : HHH000490: Using JtaPlatform implementation: [org.hibernate.engine.transaction.jta.platform.internal.NoJtaPlatform]
2022-03-11 15:23:40.008  INFO 14956 --- [    Test worker] j.LocalContainerEntityManagerFactoryBean : Initialized JPA EntityManagerFactory for persistence unit 'default'
2022-03-11 15:23:40.102  WARN 14956 --- [    Test worker] JpaBaseConfiguration$JpaWebConfiguration : spring.jpa.open-in-view is enabled by default. Therefore, database queries may be performed during view rendering. Explicitly configure spring.jpa.open-in-view to disable this warning
2022-03-11 15:23:42.171  INFO 14956 --- [    Test worker] o.s.s.web.DefaultSecurityFilterChain     : Will secure any request with [org.springframework.security.web.context.request.async.WebAsyncManagerIntegrationFilter@1e01b195, org.springframework.security.web.context.SecurityContextPersistenceFilter@dd07be8, org.springframework.security.web.header.HeaderWriterFilter@5487a8f1, org.springframework.security.web.authentication.logout.LogoutFilter@7c8b37a8, com.shop.Shop.filters.JwtRequestFilter@77d95e5a, org.springframework.security.web.savedrequest.RequestCacheAwareFilter@54d2f5d3, org.springframework.security.web.servletapi.SecurityContextHolderAwareRequestFilter@44f23927, org.springframework.security.web.authentication.AnonymousAuthenticationFilter@59a3eaf7, org.springframework.security.web.session.SessionManagementFilter@155c7eae, org.springframework.security.web.access.ExceptionTranslationFilter@f439e0f, org.springframework.security.web.access.intercept.FilterSecurityInterceptor@7378c4a4]
2022-03-11 15:23:43.438  INFO 14956 --- [    Test worker] o.s.b.t.m.w.SpringBootMockServletContext : Initializing Spring TestDispatcherServlet ''
2022-03-11 15:23:43.438  INFO 14956 --- [    Test worker] o.s.t.web.servlet.TestDispatcherServlet  : Initializing Servlet ''
2022-03-11 15:23:43.438  INFO 14956 --- [    Test worker] o.s.t.web.servlet.TestDispatcherServlet  : Completed initialization in 0 ms
2022-03-11 15:23:45.562  INFO 14956 --- [    Test worker] com.shop.Shop.ShopApplicationTests       : Started ShopApplicationTests in 12.983 seconds (JVM running for 14.933)
]]></system-out>
  <system-err><![CDATA[]]></system-err>
</testsuite>
